<?xml version="1.0" encoding="UTF-8"?>
<testng-results skipped="0" failed="0" ignored="1" total="2" passed="1">
  <reporter-output>
  </reporter-output>
  <suite name="Default suite" duration-ms="29323" started-at="2017-12-16T11:04:12Z" finished-at="2017-12-16T11:04:41Z">
    <groups>
    </groups>
    <test name="Default test" duration-ms="29323" started-at="2017-12-16T11:04:12Z" finished-at="2017-12-16T11:04:41Z">
      <class name="Test.TestPhpTravels">
        <test-method status="PASS" signature="setDriver()[pri:0, instance:Test.TestPhpTravels@76b0bfab]" name="setDriver" is-config="true" duration-ms="10332" started-at="2017-12-16T16:34:12Z" finished-at="2017-12-16T16:34:22Z">
          <reporter-output>
          </reporter-output>
        </test-method> <!-- setDriver -->
        <test-method status="PASS" signature="testSearchHotels()[pri:0, instance:Test.TestPhpTravels@76b0bfab]" name="testSearchHotels" duration-ms="17420" started-at="2017-12-16T16:34:22Z" finished-at="2017-12-16T16:34:40Z">
          <reporter-output>
          </reporter-output>
        </test-method> <!-- testSearchHotels -->
        <test-method status="PASS" signature="tearDown()[pri:0, instance:Test.TestPhpTravels@76b0bfab]" name="tearDown" is-config="true" duration-ms="1515" started-at="2017-12-16T16:34:40Z" finished-at="2017-12-16T16:34:41Z">
          <reporter-output>
          </reporter-output>
        </test-method> <!-- tearDown -->
      </class> <!-- Test.TestPhpTravels -->
    </test> <!-- Default test -->
  </suite> <!-- Default suite -->
</testng-results>
