<?xml version="1.0" encoding="UTF-8"?>
<!-- Generated by org.testng.reporters.JUnitXMLReporter -->
<testsuite hostname="HONEYWE-AVAAB14" ignored="1" name="Default test" tests="1" failures="0" timestamp="16 Dec 2017 11:04:41 GMT" time="29.323" errors="0">
  <testcase name="testSearchHotels" time="17.42" classname="Test.TestPhpTravels"/>
  <testcase name="testNewsLetter" time="0.0" classname="Test.TestPhpTravels">
    <ignored/>
  </testcase> <!-- testNewsLetter -->
</testsuite> <!-- Default test -->
